<?xml version="1.0" encoding="UTF-8"?>
<!-- Generated by org.testng.reporters.JUnitReportReporter -->
<testsuite hostname="DESKTOP-ELUL0QH" failures="0" tests="1" name="ai.dalalstreet.apps.TestLayer.LoginPageTest" time="40.933" errors="0" timestamp="2023-01-05T20:27:43 IST" skipped="0">
  <testcase classname="ai.dalalstreet.apps.TestLayer.LoginPageTest" name="VerifyLogin" time="40.933"/>
  <system-out/>
</testsuite> <!-- ai.dalalstreet.apps.TestLayer.LoginPageTest -->
