<?xml version="1.0" encoding="UTF-8"?>
<!-- Generated by org.testng.reporters.JUnitReportReporter -->
<testsuite hostname="DESKTOP-ELUL0QH" failures="0" tests="4" name="ai.dalalstreet.apps.TestLayer.SellFunctionalityTest" time="225.490" errors="0" timestamp="2023-01-05T20:27:43 IST" skipped="0">
  <testcase classname="ai.dalalstreet.apps.TestLayer.SellFunctionalityTest" name="verifySellFunctionalityIntradayandMarket" time="55.039"/>
  <system-out/>
  <testcase classname="ai.dalalstreet.apps.TestLayer.SellFunctionalityTest" name="verifySellFunctionalityLTandCL" time="59.465"/>
  <system-out/>
  <testcase classname="ai.dalalstreet.apps.TestLayer.SellFunctionalityTest" name="verifySellFunctionalityIntradayandCL" time="57.789"/>
  <system-out/>
  <testcase classname="ai.dalalstreet.apps.TestLayer.SellFunctionalityTest" name="verifySellFunctionalityLTandMarket" time="53.197"/>
  <system-out/>
</testsuite> <!-- ai.dalalstreet.apps.TestLayer.SellFunctionalityTest -->
