<?xml version="1.0" encoding="UTF-8"?>
<!-- Generated by org.testng.reporters.JUnitReportReporter -->
<testsuite hostname="DESKTOP-ELUL0QH" failures="0" tests="4" name="ai.dalalstreet.apps.TestLayer.BuyFunctionalityTest" time="188.998" errors="0" timestamp="2023-01-05T20:27:43 IST" skipped="0">
  <testcase classname="ai.dalalstreet.apps.TestLayer.BuyFunctionalityTest" name="verifyByFunctinalityWithLTandCL" time="47.729"/>
  <system-out/>
  <testcase classname="ai.dalalstreet.apps.TestLayer.BuyFunctionalityTest" name="verifyByFunctinalityWithIntradayandCL" time="47.100"/>
  <system-out/>
  <testcase classname="ai.dalalstreet.apps.TestLayer.BuyFunctionalityTest" name="verifyBuyFunctionality" time="49.482"/>
  <system-out/>
  <testcase classname="ai.dalalstreet.apps.TestLayer.BuyFunctionalityTest" name="verifyByFunctinalityWithIntradayandMarket" time="44.687"/>
  <system-out/>
</testsuite> <!-- ai.dalalstreet.apps.TestLayer.BuyFunctionalityTest -->
